<?xml version="1.0" encoding="UTF-8" ?>
<testsuites errors="0"
            failures="1"
            tests="1">

  <testsuite name="nightwatch.ecosia"
    errors="0" failures="1" hostname="" id="" package="ecosia" skipped="0"
    tests="1" time="20.02" timestamp="">
  
    <testcase name="Demo test ecosia.org" classname="nightwatch.ecosia" time="6.838" assertions="5">

    

    

    

      <failure message="Testing if element &lt;.layout__content&gt; contains text &#39;Prajakta&#39; in 5000ms - expected &#34;contains text &#39;Prajakta&#39;&#34; but got: &#34;does not contain &#39;Prajakta&#39;&#34; (5287ms)">    at DescribeInstance.&lt;anonymous&gt; (/home/knoldus/Documents/New Nightwatch_Project/nightwatch/ecosia.ts:14:15)</failure>
<system-out>[[ATTACHMENT|/home/knoldus/Documents/New Nightwatch_Project/screens/nightwatch/ecosia/Demo-test-ecosia.org_FAILED_Oct-05-2023-115633-GMT+0530.png]]</system-out>
    
    </testcase>
  

  

    

  
  </testsuite>
</testsuites>
