<?xml version="1.0" encoding="UTF-8" ?>
<testsuites errors="2"
            failures="0"
            tests="1">

  <testsuite name="nightwatch.LoginTestCase"
    errors="2" failures="0" hostname="" id="" package="LoginTestCase" skipped="0"
    tests="1" time="32.37" timestamp="">
  
    <testcase name="Demo test orangeHRM" classname="nightwatch.LoginTestCase" time="9.588" assertions="1">
<system-out>[[ATTACHMENT|/home/knoldus/Documents/New Nightwatch_Project/screens/nightwatch/LoginTestCase/Demo-test-orangeHRM_FAILED_Oct-06-2023-114541-GMT+0530.png]]</system-out>
    
    <error message="Error while running &#34;element.findAll&#34; command: No elements with selector &#34;By(xpath, .//*[text()=&#34;Prajakta&#34;])&#34; found for 5000 milliseconds." type="error"><![CDATA[
    Error: No elements with selector &#34;By(xpath, .//*[text()=&#34;Prajakta&#34;])&#34; found for 5000 milliseconds.
    at commandFn (/home/knoldus/Documents/New Nightwatch_Project/node_modules/nightwatch/dist/api/web-element/scoped-elements.js:74:23)
    at processTicksAndRejections (node:internal/process/task_queues:95:5)
    ]]></error>
    
    </testcase>
  

  
    <system-err>
       Error
   No elements with selector &#34;By(xpath, .//*[text()=&#34;Prajakta&#34;])&#34; found for 5000 milliseconds.
   Error   Error while running &#34;element.findAll&#34; command: No elements with selector &#34;By(xpath, .//*[text()=&#34;Prajakta&#34;])&#34; found for 5000 milliseconds.
    </system-err>
  

    

  
  </testsuite>
</testsuites>
